app/build/intermediates/manifest_merge_blame_file/debug/manifest-merger-blame-debug-report.txt
1<?xml version="1.0" encoding="utf-8"?>
2<manifest xmlns:android="http://schemas.android.com/apk/res/android"
3    package="com.example.ids"
4    android:versionCode="1"
5    android:versionName="1.0" >
6
7    <uses-sdk
8        android:minSdkVersion="21"
8-->src\main\AndroidManifest.xml
9        android:targetSdkVersion="31" />
9-->src\main\AndroidManifest.xml
10    <!--
11         The ACCESS_COARSE/FINE_LOCATION permissions are not required to use
12         Google Maps Android API v2, but you must specify either coarse or fine
13         location permissions for the "MyLocation" functionality.
14    -->
15    <uses-permission android:name="android.permission.INTERNET" />
15-->src\main\AndroidManifest.xml:9:5-67
15-->src\main\AndroidManifest.xml:9:22-64
16    <uses-permission android:name="android.permission.ACCESS_COARSE_LOCATION" />
16-->src\main\AndroidManifest.xml:10:5-81
16-->src\main\AndroidManifest.xml:10:22-78
17    <uses-permission android:name="android.permission.ACCESS_FINE_LOCATION" />
17-->src\main\AndroidManifest.xml:11:5-79
17-->src\main\AndroidManifest.xml:11:22-76
18    <uses-permission android:name="android.permission.ACCESS_BACKGROUND_LOCATION" />
18-->src\main\AndroidManifest.xml:12:5-85
18-->src\main\AndroidManifest.xml:12:22-82
19    <uses-permission android:name="android.permission.ACCESS_WIFI_STATE" />
19-->src\main\AndroidManifest.xml:13:5-75
19-->src\main\AndroidManifest.xml:13:22-73
20    <uses-permission android:name="android.permission.ACCESS_NETWORK_STATE" />
20-->src\main\AndroidManifest.xml:14:5-78
20-->src\main\AndroidManifest.xml:14:22-76
21    <uses-permission android:name="android.permission.FOREGROUND_SERVICE" />
21-->src\main\AndroidManifest.xml:15:5-77
21-->src\main\AndroidManifest.xml:15:22-74
22
23    <uses-feature
23-->[com.google.android.gms:play-services-maps:18.0.2] AndroidManifest.xml:26:5-28:35
24        android:glEsVersion="0x00020000"
24-->[com.google.android.gms:play-services-maps:18.0.2] AndroidManifest.xml:27:9-41
25        android:required="true" />
25-->[com.google.android.gms:play-services-maps:18.0.2] AndroidManifest.xml:28:9-32
26
27    <queries>
27-->[com.google.android.gms:play-services-maps:18.0.2] AndroidManifest.xml:30:5-34:15
28
29        <!-- Needs to be explicitly declared on Android R+ -->
30        <package android:name="com.google.android.apps.maps" />
30-->[com.google.android.gms:play-services-maps:18.0.2] AndroidManifest.xml:33:9-64
30-->[com.google.android.gms:play-services-maps:18.0.2] AndroidManifest.xml:33:18-61
31    </queries>
32
33    <application
33-->src\main\AndroidManifest.xml:17:5-57:19
34        android:allowBackup="true"
34-->src\main\AndroidManifest.xml:18:9-35
35        android:appComponentFactory="androidx.core.app.CoreComponentFactory"
35-->[androidx.core:core:1.7.0] AndroidManifest.xml:24:18-86
36        android:debuggable="true"
37        android:icon="@mipmap/ic_launcher"
37-->src\main\AndroidManifest.xml:19:9-43
38        android:label="@string/app_name"
38-->src\main\AndroidManifest.xml:20:9-41
39        android:roundIcon="@mipmap/ic_launcher_round"
39-->src\main\AndroidManifest.xml:22:9-54
40        android:supportsRtl="true"
40-->src\main\AndroidManifest.xml:23:9-35
41        android:testOnly="true"
42        android:theme="@style/Theme.AppCompat.Light"
42-->src\main\AndroidManifest.xml:24:9-53
43        android:usesCleartextTraffic="true" >
43-->src\main\AndroidManifest.xml:21:9-44
44        <activity
44-->src\main\AndroidManifest.xml:25:9-36:20
45            android:name="com.example.ids.login.LoginActivity"
45-->src\main\AndroidManifest.xml:26:13-48
46            android:exported="true"
46-->src\main\AndroidManifest.xml:27:13-36
47            android:label="@string/title_activity_login"
47-->src\main\AndroidManifest.xml:28:13-57
48            android:theme="@style/AppTheme.NoActionBar" >
48-->src\main\AndroidManifest.xml:29:13-56
49            <intent-filter>
49-->src\main\AndroidManifest.xml:30:13-34:29
50                <action android:name="android.intent.action.MAIN" />
50-->src\main\AndroidManifest.xml:31:17-69
50-->src\main\AndroidManifest.xml:31:25-66
51
52                <category android:name="android.intent.category.LAUNCHER" />
52-->src\main\AndroidManifest.xml:33:17-77
52-->src\main\AndroidManifest.xml:33:27-74
53            </intent-filter>
54        </activity>
55        <!--
56             The API key for Google Maps-based APIs is defined as a string resource.
57             (See the file "res/values/google_maps_api.xml").
58             Note that the API key is linked to the encryption key used to sign the APK.
59             You need a different API key for each encryption key, including the release key that is used to
60             sign the APK for publishing.
61             You can define the keys for the debug and release targets in src/debug/ and src/release/.
62        -->
63        <meta-data
63-->src\main\AndroidManifest.xml:45:9-47:72
64            android:name="com.google.android.geo.API_KEY"
64-->src\main\AndroidManifest.xml:46:13-58
65            android:value="AIzaSyAcAwAo5A7A0I6ZYBb5j7MZglalnuWTYCI" />
65-->src\main\AndroidManifest.xml:47:13-69
66
67        <activity
67-->src\main\AndroidManifest.xml:49:9-53:20
68            android:name="com.example.ids.main.MainActivity"
68-->src\main\AndroidManifest.xml:50:13-46
69            android:exported="false"
69-->src\main\AndroidManifest.xml:51:13-37
70            android:theme="@style/AppTheme.NoActionBar" >
70-->src\main\AndroidManifest.xml:52:13-56
71        </activity>
72
73        <service android:name="com.example.ids.foregroundService.PiedibusService" />
73-->src\main\AndroidManifest.xml:55:9-69
73-->src\main\AndroidManifest.xml:55:18-67
74
75        <activity
75-->[pub.devrel:easypermissions:3.0.0] AndroidManifest.xml:12:9-16:66
76            android:name="pub.devrel.easypermissions.AppSettingsDialogHolderActivity"
76-->[pub.devrel:easypermissions:3.0.0] AndroidManifest.xml:13:13-86
77            android:exported="false"
77-->[pub.devrel:easypermissions:3.0.0] AndroidManifest.xml:14:13-37
78            android:label=""
78-->[pub.devrel:easypermissions:3.0.0] AndroidManifest.xml:15:13-29
79            android:theme="@style/EasyPermissions.Transparent" />
79-->[pub.devrel:easypermissions:3.0.0] AndroidManifest.xml:16:13-63
80        <activity
80-->[com.google.android.libraries.places:places:2.6.0] AndroidManifest.xml:14:9-20:20
81            android:name="com.google.android.libraries.places.widget.AutocompleteActivity"
81-->[com.google.android.libraries.places:places:2.6.0] AndroidManifest.xml:15:13-91
82            android:exported="false"
82-->[com.google.android.libraries.places:places:2.6.0] AndroidManifest.xml:16:13-37
83            android:label="@string/places_autocomplete_label"
83-->[com.google.android.libraries.places:places:2.6.0] AndroidManifest.xml:17:13-62
84            android:theme="@style/PlacesAutocompleteOverlay"
84-->[com.google.android.libraries.places:places:2.6.0] AndroidManifest.xml:18:13-61
85            android:windowSoftInputMode="adjustResize" >
85-->[com.google.android.libraries.places:places:2.6.0] AndroidManifest.xml:19:13-55
86        </activity> <!-- Needs to be explicitly declared on P+ -->
87        <uses-library
87-->[com.google.android.gms:play-services-maps:18.0.2] AndroidManifest.xml:39:9-41:40
88            android:name="org.apache.http.legacy"
88-->[com.google.android.gms:play-services-maps:18.0.2] AndroidManifest.xml:40:13-50
89            android:required="false" />
89-->[com.google.android.gms:play-services-maps:18.0.2] AndroidManifest.xml:41:13-37
90
91        <activity
91-->[com.google.android.gms:play-services-base:18.0.1] AndroidManifest.xml:20:9-22:45
92            android:name="com.google.android.gms.common.api.GoogleApiActivity"
92-->[com.google.android.gms:play-services-base:18.0.1] AndroidManifest.xml:20:19-85
93            android:exported="false"
93-->[com.google.android.gms:play-services-base:18.0.1] AndroidManifest.xml:22:19-43
94            android:theme="@android:style/Theme.Translucent.NoTitleBar" />
94-->[com.google.android.gms:play-services-base:18.0.1] AndroidManifest.xml:21:19-78
95
96        <meta-data
96-->[com.google.android.gms:play-services-basement:18.0.0] AndroidManifest.xml:21:9-23:69
97            android:name="com.google.android.gms.version"
97-->[com.google.android.gms:play-services-basement:18.0.0] AndroidManifest.xml:22:13-58
98            android:value="@integer/google_play_services_version" />
98-->[com.google.android.gms:play-services-basement:18.0.0] AndroidManifest.xml:23:13-66
99
100        <provider
100-->[androidx.emoji2:emoji2:1.0.0] AndroidManifest.xml:26:9-34:20
101            android:name="androidx.startup.InitializationProvider"
101-->[androidx.emoji2:emoji2:1.0.0] AndroidManifest.xml:27:13-67
102            android:authorities="com.example.ids.androidx-startup"
102-->[androidx.emoji2:emoji2:1.0.0] AndroidManifest.xml:28:13-68
103            android:exported="false" >
103-->[androidx.emoji2:emoji2:1.0.0] AndroidManifest.xml:29:13-37
104            <meta-data
104-->[androidx.emoji2:emoji2:1.0.0] AndroidManifest.xml:31:13-33:52
105                android:name="androidx.emoji2.text.EmojiCompatInitializer"
105-->[androidx.emoji2:emoji2:1.0.0] AndroidManifest.xml:32:17-75
106                android:value="androidx.startup" />
106-->[androidx.emoji2:emoji2:1.0.0] AndroidManifest.xml:33:17-49
107            <meta-data
107-->[androidx.lifecycle:lifecycle-process:2.4.0] AndroidManifest.xml:31:13-33:52
108                android:name="androidx.lifecycle.ProcessLifecycleInitializer"
108-->[androidx.lifecycle:lifecycle-process:2.4.0] AndroidManifest.xml:32:17-78
109                android:value="androidx.startup" />
109-->[androidx.lifecycle:lifecycle-process:2.4.0] AndroidManifest.xml:33:17-49
110        </provider>
111
112        <uses-library
112-->[androidx.window:window:1.0.0] AndroidManifest.xml:25:9-27:40
113            android:name="androidx.window.extensions"
113-->[androidx.window:window:1.0.0] AndroidManifest.xml:26:13-54
114            android:required="false" />
114-->[androidx.window:window:1.0.0] AndroidManifest.xml:27:13-37
115        <uses-library
115-->[androidx.window:window:1.0.0] AndroidManifest.xml:28:9-30:40
116            android:name="androidx.window.sidecar"
116-->[androidx.window:window:1.0.0] AndroidManifest.xml:29:13-51
117            android:required="false" />
117-->[androidx.window:window:1.0.0] AndroidManifest.xml:30:13-37
118
119        <service
119-->[com.google.android.datatransport:transport-backend-cct:2.3.0] AndroidManifest.xml:29:9-35:19
120            android:name="com.google.android.datatransport.runtime.backends.TransportBackendDiscovery"
120-->[com.google.android.datatransport:transport-backend-cct:2.3.0] AndroidManifest.xml:30:13-103
121            android:exported="false" >
121-->[com.google.android.datatransport:transport-backend-cct:2.3.0] AndroidManifest.xml:31:13-37
122            <meta-data
122-->[com.google.android.datatransport:transport-backend-cct:2.3.0] AndroidManifest.xml:32:13-34:39
123                android:name="backend:com.google.android.datatransport.cct.CctBackendFactory"
123-->[com.google.android.datatransport:transport-backend-cct:2.3.0] AndroidManifest.xml:33:17-94
124                android:value="cct" />
124-->[com.google.android.datatransport:transport-backend-cct:2.3.0] AndroidManifest.xml:34:17-36
125        </service>
126        <service
126-->[com.google.android.datatransport:transport-runtime:2.2.3] AndroidManifest.xml:26:9-30:19
127            android:name="com.google.android.datatransport.runtime.scheduling.jobscheduling.JobInfoSchedulerService"
127-->[com.google.android.datatransport:transport-runtime:2.2.3] AndroidManifest.xml:27:13-117
128            android:exported="false"
128-->[com.google.android.datatransport:transport-runtime:2.2.3] AndroidManifest.xml:28:13-37
129            android:permission="android.permission.BIND_JOB_SERVICE" >
129-->[com.google.android.datatransport:transport-runtime:2.2.3] AndroidManifest.xml:29:13-69
130        </service>
131
132        <receiver
132-->[com.google.android.datatransport:transport-runtime:2.2.3] AndroidManifest.xml:32:9-34:40
133            android:name="com.google.android.datatransport.runtime.scheduling.jobscheduling.AlarmManagerSchedulerBroadcastReceiver"
133-->[com.google.android.datatransport:transport-runtime:2.2.3] AndroidManifest.xml:33:13-132
134            android:exported="false" />
134-->[com.google.android.datatransport:transport-runtime:2.2.3] AndroidManifest.xml:34:13-37
135    </application>
136
137</manifest>